
> dentrct-create@0.1.0 build
> vite build

vite v6.3.6 building for production...
transforming...
[plugin vite:esbuild] src/features/patient-detail/components/patient-medical-survey.jsx: Duplicate key "arteriosclerosis" in object literal
401|                      anemia: 'Anemia',
402|                      sida: 'SIDA',
403|                      arteriosclerosis: 'Arteriosclerosis',
   |                      ^
404|                      hipotiroidismo: 'Hipotiroidismo',
405|                      cancer: 'Cáncer',

✓ 3203 modules transformed.
rendering chunks...
computing gzip size...
dist/assets/manifest-CeX_MFwJ.json               0.50 kB │ gzip:   0.25 kB
dist/index.html                                  1.82 kB │ gzip:   0.78 kB
dist/assets/arrow-right-BfzpoHrP.png             6.27 kB
dist/assets/arrow-left-Bp0IRHYx.png              6.31 kB
dist/assets/arrow-cCXaoTPm.png                   7.13 kB
dist/assets/filtro-CZuag1Nu.png                  8.45 kB
dist/assets/UserNot-oPc651ji.png                 8.72 kB
dist/assets/logo-B5n6gz_Z.png                  520.77 kB
dist/assets/index-BDAdsOvg.css                 230.05 kB │ gzip:  34.54 kB
dist/assets/odontograma-service-BH7cDufO.js      3.86 kB │ gzip:   1.27 kB
dist/assets/index-Cpv7lV2R.js                1,833.76 kB │ gzip: 549.66 kB

(!) Some chunks are larger than 500 kB after minification. Consider:
- Using dynamic import() to code-split the application
- Use build.rollupOptions.output.manualChunks to improve chunking: https://rollupjs.org/configuration-options/#output-manualchunks
- Adjust chunk size limit for this warning via build.chunkSizeWarningLimit.
✓ built in 2.51s
