2025-10-20 20:24:51 [debug] 🔍 DEBUG: Montando rutas de Google en /api/google
2025-10-20 20:24:51 [debug] ✅ DEBUG: Rutas de Google montadas correctamente
2025-10-20 20:24:51 [info] 🔄 Intentando conectar a MongoDB...
2025-10-20 20:24:51 [info] 🔥 Servidor corriendo en http://localhost:5002
2025-10-20 20:24:51 [info] ✅ Conectado a MongoDB con timeouts configurados
2025-10-20 20:25:34 [error] ❌ Error interno {"err":{"expose":true,"statusCode":400,"status":400,"body":"{\\","type":"entity.parse.failed"}}
2025-10-20 20:26:18 [debug] 🔍 Checking Content-Type: application/json
2025-10-20 20:26:18 [debug] 📝 Applying urlencoded middleware
2025-10-20 20:26:18 [info] [0mPOST /api/patients [32m201[0m 100.879 ms - 5060[0m
2025-10-20 20:26:54 [debug] 🔍 Checking Content-Type: application/json
2025-10-20 20:26:54 [debug] 📝 Applying urlencoded middleware
2025-10-20 20:26:54 [info] [0mPOST /api/patients [33m400[0m 10.180 ms - 52[0m
2025-10-20 20:27:56 [debug] 🔍 Checking Content-Type: multipart/form-data; boundary=------------------------PjQg556HLYFjol8hzOFpI2
2025-10-20 20:27:56 [debug] ✅ Skipping urlencoded for multipart/form-data
2025-10-20 20:27:56 [info] [0mPOST /api/patients [33m400[0m 13.500 ms - 53[0m
2025-10-20 20:28:19 [debug] 🔍 Checking Content-Type: multipart/form-data; boundary=------------------------k4HZd2Zw1jkNC0bT6N4gBy
2025-10-20 20:28:19 [debug] ✅ Skipping urlencoded for multipart/form-data
2025-10-20 20:28:19 [info] [0mPOST /api/patients [33m400[0m 4.331 ms - 53[0m
2025-10-20 20:28:57 [debug] 🔍 Checking Content-Type: multipart/form-data; boundary=------------------------aBTsNbGCTA13pjtaXwryI2
2025-10-20 20:28:57 [debug] ✅ Skipping urlencoded for multipart/form-data
2025-10-20 20:28:57 [info] [0mPOST /api/patients [33m400[0m 6.847 ms - 53[0m
2025-10-20 20:29:53 [debug] 🔍 Checking Content-Type: multipart/form-data; boundary=------------------------5XAlmNUX7j7k7VZxXtzgBE
2025-10-20 20:29:53 [debug] ✅ Skipping urlencoded for multipart/form-data
2025-10-20 20:29:53 [info] [0mPOST /api/patients [33m400[0m 7.096 ms - 53[0m
2025-10-20 20:31:18 [debug] 🔍 Checking Content-Type: multipart/form-data; boundary="f0b5a576-a5ad-4ba3-b97f-695df4d7688b"
2025-10-20 20:31:18 [debug] ✅ Skipping urlencoded for multipart/form-data
2025-10-20 20:31:19 [info] [0mPOST /api/patients [32m201[0m 81.491 ms - 5142[0m
2025-10-20 20:32:27 [debug] 🔍 DEBUG: Montando rutas de Google en /api/google
2025-10-20 20:32:27 [debug] ✅ DEBUG: Rutas de Google montadas correctamente
2025-10-20 20:32:27 [info] 🔄 Intentando conectar a MongoDB...
2025-10-20 20:32:27 [info] 🔥 Servidor corriendo en http://localhost:5002
2025-10-20 20:32:27 [info] ✅ Conectado a MongoDB con timeouts configurados
2025-10-20 20:32:41 [debug] 🔍 Checking Content-Type: multipart/form-data; boundary="ecb81577-34e9-4ef6-928d-5138e34b990a"
2025-10-20 20:32:41 [debug] ✅ Skipping urlencoded for multipart/form-data
2025-10-20 20:32:41 [info] [0mPOST /api/patients [33m400[0m 64.577 ms - 402[0m
2025-10-20 20:33:14 [debug] 🔍 Checking Content-Type: multipart/form-data; boundary="d6832d2b-2abf-411c-9248-8d503941db41"
2025-10-20 20:33:14 [debug] ✅ Skipping urlencoded for multipart/form-data
2025-10-20 20:33:14 [info] [0mPOST /api/patients [32m201[0m 86.984 ms - 5153[0m
2025-10-20 20:33:53 [debug] 🔍 Checking Content-Type: undefined
2025-10-20 20:33:53 [debug] 📝 Applying urlencoded middleware
2025-10-20 20:33:54 [info] [0mGET /api/patients/68f6f0eaacf40b95c36cfdd0 [32m200[0m 159.625 ms - 5222[0m
2025-10-20 20:35:57 [debug] 🔍 DEBUG: Montando rutas de Google en /api/google
2025-10-20 20:35:57 [debug] ✅ DEBUG: Rutas de Google montadas correctamente
2025-10-20 20:35:57 [info] 🔄 Intentando conectar a MongoDB...
2025-10-20 20:35:57 [info] 🔥 Servidor corriendo en http://localhost:5002
2025-10-20 20:35:57 [info] ✅ Conectado a MongoDB con timeouts configurados
2025-10-20 20:35:59 [debug] 🔍 Checking Content-Type: undefined
2025-10-20 20:35:59 [debug] 📝 Applying urlencoded middleware
2025-10-20 20:35:59 [info] [0mDELETE /api/patients/68f6f0eaacf40b95c36cfdd0/periodontogram [32m200[0m 233.687 ms - 67[0m
2025-10-20 20:44:19 [debug] 🔍 Checking Content-Type: multipart/form-data; boundary="9fdea80a-d3a4-46b3-93df-39987785689c"
2025-10-20 20:44:19 [debug] ✅ Skipping urlencoded for multipart/form-data
2025-10-20 20:44:20 [info] [0mPOST /api/patients [33m400[0m 495.710 ms - 1691[0m
2025-10-20 20:45:27 [debug] 🔍 Checking Content-Type: multipart/form-data; boundary="9a0a1988-318a-44ec-952a-95d9e284805f"
2025-10-20 20:45:27 [debug] ✅ Skipping urlencoded for multipart/form-data
2025-10-20 20:45:28 [info] [0mPOST /api/patients [32m201[0m 358.924 ms - 7078[0m
