2025-12-26 20:48:26 [info] 🔄 Intentando conectar a MongoDB (intento 1/5)...
2025-12-26 20:48:26 [info] ✅ Conectado a MongoDB
2025-12-26 20:48:26 [info] 🔥 Servidor corriendo en http://localhost:5002
2025-12-26 20:48:35 [info] [0mGET /api/patients/69154c37d5013d08692c64e6 [32m200[0m 22.392 ms - 6366[0m
2025-12-26 20:48:35 [info] [0mGET /api/patients/69154c37d5013d08692c64e6/odontograma-inicial [36m304[0m 12.861 ms - -[0m
2025-12-26 20:48:35 [info] [0mGET /api/patients/69154c37d5013d08692c64e6/periodontogram/data?listVersions=true [36m304[0m 35.980 ms - -[0m
2025-12-26 20:48:35 [info] [0mGET /api/patients/69154c37d5013d08692c64e6/periodontogram/data?listVersions=true [36m304[0m 17.304 ms - -[0m
2025-12-26 20:48:36 [info] [0mGET /api/patients/69154c37d5013d08692c64e6/odontograma-clinico [36m304[0m 8.908 ms - -[0m
2025-12-26 20:48:36 [info] [0mGET /api/patients/69154c37d5013d08692c64e6/odontograma-clinico/history [36m304[0m 11.211 ms - -[0m
2025-12-26 20:48:36 [info] [0mGET /api/patients/69154c37d5013d08692c64e6/odontograma-clinico [36m304[0m 9.019 ms - -[0m
2025-12-26 20:48:36 [info] [0mGET /api/patients/69154c37d5013d08692c64e6/odontograma-clinico/history [36m304[0m 10.177 ms - -[0m
2025-12-26 20:48:36 [info] [0mGET /uploads/pacientes/69154c37d5013d08692c64e6/odontograma-inicial/ac39ed3a-aa58-4c4f-9555-94b487980a04.png [36m304[0m 1.080 ms - -[0m
2025-12-26 20:48:45 [info] [0mGET /api/patients [32m200[0m 11.304 ms - 17205[0m
2025-12-26 20:48:45 [info] [0mGET /api/patients [36m304[0m 12.557 ms - -[0m
2025-12-26 20:48:46 [info] [0mGET /api/patients/69154c37d5013d08692c64e6 [36m304[0m 8.565 ms - -[0m
2025-12-26 20:48:46 [info] [0mGET /api/patients/69154c37d5013d08692c64e6/odontograma-inicial [36m304[0m 51.578 ms - -[0m
2025-12-26 20:48:46 [info] [0mGET /api/patients/69154c37d5013d08692c64e6/periodontogram/data?listVersions=true [36m304[0m 21.213 ms - -[0m
2025-12-26 20:48:46 [info] [0mGET /api/patients/69154c37d5013d08692c64e6/periodontogram/data?listVersions=true [36m304[0m 25.353 ms - -[0m
2025-12-26 20:48:46 [info] [0mGET /api/patients/69154c37d5013d08692c64e6/odontograma-clinico/history [36m304[0m 10.606 ms - -[0m
2025-12-26 20:48:46 [info] [0mGET /api/patients/69154c37d5013d08692c64e6/odontograma-clinico [36m304[0m 7.657 ms - -[0m
2025-12-26 20:48:47 [info] [0mGET /api/patients/69154c37d5013d08692c64e6/odontograma-clinico/history [36m304[0m 7.114 ms - -[0m
2025-12-26 20:48:47 [info] [0mGET /api/patients/69154c37d5013d08692c64e6/odontograma-clinico [36m304[0m 8.124 ms - -[0m
2025-12-26 20:49:10 [info] [0mGET /api/patients [36m304[0m 14.080 ms - -[0m
2025-12-26 20:49:10 [info] [0mGET /api/patients [36m304[0m 12.861 ms - -[0m
2025-12-26 20:49:11 [info] [0mGET /api/patients [36m304[0m 11.775 ms - -[0m
2025-12-26 20:49:11 [info] [0mGET /api/patients [36m304[0m 9.891 ms - -[0m
2025-12-26 20:49:13 [info] [0mGET /api/patients [36m304[0m 11.584 ms - -[0m
2025-12-26 20:49:13 [info] [0mGET /api/patients [36m304[0m 11.114 ms - -[0m
2025-12-26 20:49:18 [info] [0mGET /api/patients/690d25896cc6735a45b394d6 [32m200[0m 6.253 ms - 5553[0m
2025-12-26 20:49:18 [info] [0mGET /api/patients/690d25896cc6735a45b394d6/odontograma-inicial [36m304[0m 6.558 ms - -[0m
2025-12-26 20:49:19 [info] [0mGET /api/patients/690d25896cc6735a45b394d6/periodontogram/data?listVersions=true [36m304[0m 11.624 ms - -[0m
2025-12-26 20:49:19 [info] [0mGET /api/patients/690d25896cc6735a45b394d6/periodontogram/data?listVersions=true [36m304[0m 9.869 ms - -[0m
2025-12-26 20:49:19 [info] [0mGET /api/patients/690d25896cc6735a45b394d6/odontograma-clinico/history [36m304[0m 4.522 ms - -[0m
2025-12-26 20:49:19 [info] [0mGET /api/patients/690d25896cc6735a45b394d6/odontograma-clinico [36m304[0m 7.453 ms - -[0m
2025-12-26 20:49:19 [info] [0mGET /api/patients/690d25896cc6735a45b394d6/odontograma-clinico/history [36m304[0m 7.735 ms - -[0m
2025-12-26 20:50:30 [info] 🛑 Cerrando servidor...
2025-12-26 20:59:33 [info] 🔄 Intentando conectar a MongoDB (intento 1/5)...
2025-12-26 20:59:33 [info] 🔄 Intentando conectar a MongoDB (intento 1/5)...
2025-12-26 20:59:43 [error] ❌ Error al conectar con MongoDB (intento 1/5) {"error":{"message":"connect ECONNREFUSED ::1:27017, connect ECONNREFUSED 127.0.0.1:27017","reason":{"type":"Unknown","servers":{},"stale":false,"compatible":true,"heartbeatFrequencyMS":10000,"localThresholdMS":15,"setName":null,"maxElectionId":null,"maxSetVersion":null,"commonWireVersion":0,"logicalSessionTimeoutMinutes":null}}}
2025-12-26 20:59:43 [error] ❌ Error al conectar con MongoDB (intento 1/5) {"error":{"message":"connect ECONNREFUSED ::1:27017, connect ECONNREFUSED 127.0.0.1:27017","reason":{"type":"Unknown","servers":{},"stale":false,"compatible":true,"heartbeatFrequencyMS":10000,"localThresholdMS":15,"setName":null,"maxElectionId":null,"maxSetVersion":null,"commonWireVersion":0,"logicalSessionTimeoutMinutes":null}}}
2025-12-26 20:59:43 [warn] ⏳ Reintentando en 1000 ms...
2025-12-26 20:59:43 [warn] ⏳ Reintentando en 1000 ms...
2025-12-26 20:59:44 [info] 🔄 Intentando conectar a MongoDB (intento 2/5)...
2025-12-26 20:59:44 [info] 🔄 Intentando conectar a MongoDB (intento 2/5)...
2025-12-26 20:59:54 [error] ❌ Error al conectar con MongoDB (intento 2/5) {"error":{"message":"connect ECONNREFUSED ::1:27017, connect ECONNREFUSED 127.0.0.1:27017","reason":{"type":"Unknown","servers":{},"stale":false,"compatible":true,"heartbeatFrequencyMS":10000,"localThresholdMS":15,"setName":null,"maxElectionId":null,"maxSetVersion":null,"commonWireVersion":0,"logicalSessionTimeoutMinutes":null}}}
2025-12-26 20:59:54 [error] ❌ Error al conectar con MongoDB (intento 2/5) {"error":{"message":"connect ECONNREFUSED ::1:27017, connect ECONNREFUSED 127.0.0.1:27017","reason":{"type":"Unknown","servers":{},"stale":false,"compatible":true,"heartbeatFrequencyMS":10000,"localThresholdMS":15,"setName":null,"maxElectionId":null,"maxSetVersion":null,"commonWireVersion":0,"logicalSessionTimeoutMinutes":null}}}
2025-12-26 20:59:54 [warn] ⏳ Reintentando en 2000 ms...
2025-12-26 20:59:54 [warn] ⏳ Reintentando en 2000 ms...
2025-12-26 20:59:56 [info] 🔄 Intentando conectar a MongoDB (intento 3/5)...
2025-12-26 20:59:56 [info] 🔄 Intentando conectar a MongoDB (intento 3/5)...
2025-12-26 21:00:06 [error] ❌ Error al conectar con MongoDB (intento 3/5) {"error":{"message":"connect ECONNREFUSED ::1:27017, connect ECONNREFUSED 127.0.0.1:27017","reason":{"type":"Unknown","servers":{},"stale":false,"compatible":true,"heartbeatFrequencyMS":10000,"localThresholdMS":15,"setName":null,"maxElectionId":null,"maxSetVersion":null,"commonWireVersion":0,"logicalSessionTimeoutMinutes":null}}}
2025-12-26 21:00:06 [error] ❌ Error al conectar con MongoDB (intento 3/5) {"error":{"message":"connect ECONNREFUSED ::1:27017, connect ECONNREFUSED 127.0.0.1:27017","reason":{"type":"Unknown","servers":{},"stale":false,"compatible":true,"heartbeatFrequencyMS":10000,"localThresholdMS":15,"setName":null,"maxElectionId":null,"maxSetVersion":null,"commonWireVersion":0,"logicalSessionTimeoutMinutes":null}}}
2025-12-26 21:00:06 [warn] ⏳ Reintentando en 4000 ms...
2025-12-26 21:00:06 [warn] ⏳ Reintentando en 4000 ms...
2025-12-26 21:00:10 [info] 🔄 Intentando conectar a MongoDB (intento 4/5)...
2025-12-26 21:00:10 [info] 🔄 Intentando conectar a MongoDB (intento 4/5)...
2025-12-26 21:00:20 [error] ❌ Error al conectar con MongoDB (intento 4/5) {"error":{"message":"connect ECONNREFUSED ::1:27017, connect ECONNREFUSED 127.0.0.1:27017","reason":{"type":"Unknown","servers":{},"stale":false,"compatible":true,"heartbeatFrequencyMS":10000,"localThresholdMS":15,"setName":null,"maxElectionId":null,"maxSetVersion":null,"commonWireVersion":0,"logicalSessionTimeoutMinutes":null}}}
2025-12-26 21:00:20 [error] ❌ Error al conectar con MongoDB (intento 4/5) {"error":{"message":"connect ECONNREFUSED ::1:27017, connect ECONNREFUSED 127.0.0.1:27017","reason":{"type":"Unknown","servers":{},"stale":false,"compatible":true,"heartbeatFrequencyMS":10000,"localThresholdMS":15,"setName":null,"maxElectionId":null,"maxSetVersion":null,"commonWireVersion":0,"logicalSessionTimeoutMinutes":null}}}
2025-12-26 21:00:20 [warn] ⏳ Reintentando en 8000 ms...
2025-12-26 21:00:20 [warn] ⏳ Reintentando en 8000 ms...
2025-12-26 21:00:28 [info] 🔄 Intentando conectar a MongoDB (intento 5/5)...
2025-12-26 21:00:28 [info] 🔄 Intentando conectar a MongoDB (intento 5/5)...
2025-12-26 21:00:38 [error] ❌ Error al conectar con MongoDB (intento 5/5) {"error":{"message":"connect ECONNREFUSED ::1:27017, connect ECONNREFUSED 127.0.0.1:27017","reason":{"type":"Unknown","servers":{},"stale":false,"compatible":true,"heartbeatFrequencyMS":10000,"localThresholdMS":15,"setName":null,"maxElectionId":null,"maxSetVersion":null,"commonWireVersion":0,"logicalSessionTimeoutMinutes":null}}}
2025-12-26 21:00:38 [error] ❌ Error al conectar con MongoDB (intento 5/5) {"error":{"message":"connect ECONNREFUSED ::1:27017, connect ECONNREFUSED 127.0.0.1:27017","reason":{"type":"Unknown","servers":{},"stale":false,"compatible":true,"heartbeatFrequencyMS":10000,"localThresholdMS":15,"setName":null,"maxElectionId":null,"maxSetVersion":null,"commonWireVersion":0,"logicalSessionTimeoutMinutes":null}}}
2025-12-26 21:01:24 [info] 🔄 Intentando conectar a MongoDB (intento 1/5)...
2025-12-26 21:01:34 [error] ❌ Error al conectar con MongoDB (intento 1/5) {"error":{"message":"connect ECONNREFUSED ::1:27017, connect ECONNREFUSED 127.0.0.1:27017","reason":{"type":"Unknown","servers":{},"stale":false,"compatible":true,"heartbeatFrequencyMS":10000,"localThresholdMS":15,"setName":null,"maxElectionId":null,"maxSetVersion":null,"commonWireVersion":0,"logicalSessionTimeoutMinutes":null}}}
2025-12-26 21:01:34 [warn] ⏳ Reintentando en 1000 ms...
2025-12-26 21:01:35 [info] 🔄 Intentando conectar a MongoDB (intento 2/5)...
2025-12-26 21:01:45 [error] ❌ Error al conectar con MongoDB (intento 2/5) {"error":{"message":"connect ECONNREFUSED ::1:27017, connect ECONNREFUSED 127.0.0.1:27017","reason":{"type":"Unknown","servers":{},"stale":false,"compatible":true,"heartbeatFrequencyMS":10000,"localThresholdMS":15,"setName":null,"maxElectionId":null,"maxSetVersion":null,"commonWireVersion":0,"logicalSessionTimeoutMinutes":null}}}
2025-12-26 21:01:45 [warn] ⏳ Reintentando en 2000 ms...
2025-12-26 21:01:47 [info] 🔄 Intentando conectar a MongoDB (intento 3/5)...
2025-12-26 21:01:57 [error] ❌ Error al conectar con MongoDB (intento 3/5) {"error":{"message":"connect ECONNREFUSED ::1:27017, connect ECONNREFUSED 127.0.0.1:27017","reason":{"type":"Unknown","servers":{},"stale":false,"compatible":true,"heartbeatFrequencyMS":10000,"localThresholdMS":15,"setName":null,"maxElectionId":null,"maxSetVersion":null,"commonWireVersion":0,"logicalSessionTimeoutMinutes":null}}}
2025-12-26 21:01:57 [warn] ⏳ Reintentando en 4000 ms...
2025-12-26 21:02:02 [info] 🔄 Intentando conectar a MongoDB (intento 4/5)...
2025-12-26 21:02:12 [error] ❌ Error al conectar con MongoDB (intento 4/5) {"error":{"message":"connect ECONNREFUSED ::1:27017, connect ECONNREFUSED 127.0.0.1:27017","reason":{"type":"Unknown","servers":{},"stale":false,"compatible":true,"heartbeatFrequencyMS":10000,"localThresholdMS":15,"setName":null,"maxElectionId":null,"maxSetVersion":null,"commonWireVersion":0,"logicalSessionTimeoutMinutes":null}}}
2025-12-26 21:02:12 [warn] ⏳ Reintentando en 8000 ms...
2025-12-26 21:02:20 [info] 🔄 Intentando conectar a MongoDB (intento 5/5)...
2025-12-26 21:02:30 [error] ❌ Error al conectar con MongoDB (intento 5/5) {"error":{"message":"connect ECONNREFUSED ::1:27017, connect ECONNREFUSED 127.0.0.1:27017","reason":{"type":"Unknown","servers":{},"stale":false,"compatible":true,"heartbeatFrequencyMS":10000,"localThresholdMS":15,"setName":null,"maxElectionId":null,"maxSetVersion":null,"commonWireVersion":0,"logicalSessionTimeoutMinutes":null}}}
2025-12-26 21:04:25 [info] 🔄 Intentando conectar a MongoDB (intento 1/5)...
2025-12-26 21:04:25 [info] 🔄 Intentando conectar a MongoDB (intento 1/5)...
2025-12-26 21:04:26 [info] 🔄 Intentando conectar a MongoDB (intento 1/5)...
2025-12-26 21:04:42 [info] 🔄 Intentando conectar a MongoDB (intento 1/5)...
2025-12-26 21:04:42 [info] 🔄 Intentando conectar a MongoDB (intento 1/5)...
2025-12-26 21:04:52 [error] ❌ Error al conectar con MongoDB (intento 1/5) {"error":{"message":"connect ECONNREFUSED ::1:27017, connect ECONNREFUSED 127.0.0.1:27017","reason":{"type":"Unknown","servers":{},"stale":false,"compatible":true,"heartbeatFrequencyMS":10000,"localThresholdMS":15,"setName":null,"maxElectionId":null,"maxSetVersion":null,"commonWireVersion":0,"logicalSessionTimeoutMinutes":null}}}
2025-12-26 21:04:52 [warn] ⏳ Reintentando en 1000 ms...
2025-12-26 21:04:52 [error] ❌ Error al conectar con MongoDB (intento 1/5) {"error":{"message":"connect ECONNREFUSED ::1:27017, connect ECONNREFUSED 127.0.0.1:27017","reason":{"type":"Unknown","servers":{},"stale":false,"compatible":true,"heartbeatFrequencyMS":10000,"localThresholdMS":15,"setName":null,"maxElectionId":null,"maxSetVersion":null,"commonWireVersion":0,"logicalSessionTimeoutMinutes":null}}}
2025-12-26 21:04:52 [warn] ⏳ Reintentando en 1000 ms...
2025-12-26 21:04:53 [info] 🔄 Intentando conectar a MongoDB (intento 2/5)...
2025-12-26 21:04:53 [info] 🔄 Intentando conectar a MongoDB (intento 2/5)...
2025-12-26 21:05:03 [error] ❌ Error al conectar con MongoDB (intento 2/5) {"error":{"message":"connect ECONNREFUSED ::1:27017, connect ECONNREFUSED 127.0.0.1:27017","reason":{"type":"Unknown","servers":{},"stale":false,"compatible":true,"heartbeatFrequencyMS":10000,"localThresholdMS":15,"setName":null,"maxElectionId":null,"maxSetVersion":null,"commonWireVersion":0,"logicalSessionTimeoutMinutes":null}}}
2025-12-26 21:05:03 [warn] ⏳ Reintentando en 2000 ms...
2025-12-26 21:05:03 [error] ❌ Error al conectar con MongoDB (intento 2/5) {"error":{"message":"connect ECONNREFUSED ::1:27017, connect ECONNREFUSED 127.0.0.1:27017","reason":{"type":"Unknown","servers":{},"stale":false,"compatible":true,"heartbeatFrequencyMS":10000,"localThresholdMS":15,"setName":null,"maxElectionId":null,"maxSetVersion":null,"commonWireVersion":0,"logicalSessionTimeoutMinutes":null}}}
2025-12-26 21:05:03 [warn] ⏳ Reintentando en 2000 ms...
2025-12-26 21:05:05 [info] 🔄 Intentando conectar a MongoDB (intento 3/5)...
2025-12-26 21:05:05 [info] 🔄 Intentando conectar a MongoDB (intento 3/5)...
2025-12-26 21:05:15 [error] ❌ Error al conectar con MongoDB (intento 3/5) {"error":{"message":"connect ECONNREFUSED ::1:27017, connect ECONNREFUSED 127.0.0.1:27017","reason":{"type":"Unknown","servers":{},"stale":false,"compatible":true,"heartbeatFrequencyMS":10000,"localThresholdMS":15,"setName":null,"maxElectionId":null,"maxSetVersion":null,"commonWireVersion":0,"logicalSessionTimeoutMinutes":null}}}
2025-12-26 21:05:15 [warn] ⏳ Reintentando en 4000 ms...
2025-12-26 21:05:15 [error] ❌ Error al conectar con MongoDB (intento 3/5) {"error":{"message":"connect ECONNREFUSED ::1:27017, connect ECONNREFUSED 127.0.0.1:27017","reason":{"type":"Unknown","servers":{},"stale":false,"compatible":true,"heartbeatFrequencyMS":10000,"localThresholdMS":15,"setName":null,"maxElectionId":null,"maxSetVersion":null,"commonWireVersion":0,"logicalSessionTimeoutMinutes":null}}}
2025-12-26 21:05:15 [warn] ⏳ Reintentando en 4000 ms...
2025-12-26 21:05:19 [info] 🔄 Intentando conectar a MongoDB (intento 4/5)...
2025-12-26 21:05:19 [info] 🔄 Intentando conectar a MongoDB (intento 4/5)...
2025-12-26 21:05:22 [info] 🔄 Intentando conectar a MongoDB (intento 1/5)...
2025-12-26 21:05:29 [error] ❌ Error al conectar con MongoDB (intento 4/5) {"error":{"message":"connect ECONNREFUSED ::1:27017, connect ECONNREFUSED 127.0.0.1:27017","reason":{"type":"Unknown","servers":{},"stale":false,"compatible":true,"heartbeatFrequencyMS":10000,"localThresholdMS":15,"setName":null,"maxElectionId":null,"maxSetVersion":null,"commonWireVersion":0,"logicalSessionTimeoutMinutes":null}}}
2025-12-26 21:05:29 [warn] ⏳ Reintentando en 8000 ms...
2025-12-26 21:05:29 [error] ❌ Error al conectar con MongoDB (intento 4/5) {"error":{"message":"connect ECONNREFUSED ::1:27017, connect ECONNREFUSED 127.0.0.1:27017","reason":{"type":"Unknown","servers":{},"stale":false,"compatible":true,"heartbeatFrequencyMS":10000,"localThresholdMS":15,"setName":null,"maxElectionId":null,"maxSetVersion":null,"commonWireVersion":0,"logicalSessionTimeoutMinutes":null}}}
2025-12-26 21:05:29 [warn] ⏳ Reintentando en 8000 ms...
2025-12-26 21:05:32 [error] ❌ Error al conectar con MongoDB (intento 1/5) {"error":{"message":"connect ECONNREFUSED ::1:27017, connect ECONNREFUSED 127.0.0.1:27017","reason":{"type":"Unknown","servers":{},"stale":false,"compatible":true,"heartbeatFrequencyMS":10000,"localThresholdMS":15,"setName":null,"maxElectionId":null,"maxSetVersion":null,"commonWireVersion":0,"logicalSessionTimeoutMinutes":null}}}
2025-12-26 21:05:32 [warn] ⏳ Reintentando en 1000 ms...
2025-12-26 21:05:33 [info] 🔄 Intentando conectar a MongoDB (intento 2/5)...
2025-12-26 21:05:37 [info] 🔄 Intentando conectar a MongoDB (intento 5/5)...
2025-12-26 21:05:37 [info] 🔄 Intentando conectar a MongoDB (intento 5/5)...
2025-12-26 21:05:43 [error] ❌ Error al conectar con MongoDB (intento 2/5) {"error":{"message":"connect ECONNREFUSED ::1:27017, connect ECONNREFUSED 127.0.0.1:27017","reason":{"type":"Unknown","servers":{},"stale":false,"compatible":true,"heartbeatFrequencyMS":10000,"localThresholdMS":15,"setName":null,"maxElectionId":null,"maxSetVersion":null,"commonWireVersion":0,"logicalSessionTimeoutMinutes":null}}}
2025-12-26 21:05:43 [warn] ⏳ Reintentando en 2000 ms...
2025-12-26 21:05:45 [info] 🔄 Intentando conectar a MongoDB (intento 3/5)...
2025-12-26 21:05:47 [error] ❌ Error al conectar con MongoDB (intento 5/5) {"error":{"message":"connect ECONNREFUSED ::1:27017, connect ECONNREFUSED 127.0.0.1:27017","reason":{"type":"Unknown","servers":{},"stale":false,"compatible":true,"heartbeatFrequencyMS":10000,"localThresholdMS":15,"setName":null,"maxElectionId":null,"maxSetVersion":null,"commonWireVersion":0,"logicalSessionTimeoutMinutes":null}}}
2025-12-26 21:05:47 [error] ❌ Error al conectar con MongoDB (intento 5/5) {"error":{"message":"connect ECONNREFUSED ::1:27017, connect ECONNREFUSED 127.0.0.1:27017","reason":{"type":"Unknown","servers":{},"stale":false,"compatible":true,"heartbeatFrequencyMS":10000,"localThresholdMS":15,"setName":null,"maxElectionId":null,"maxSetVersion":null,"commonWireVersion":0,"logicalSessionTimeoutMinutes":null}}}
2025-12-26 21:05:55 [error] ❌ Error al conectar con MongoDB (intento 3/5) {"error":{"message":"connect ECONNREFUSED ::1:27017, connect ECONNREFUSED 127.0.0.1:27017","reason":{"type":"Unknown","servers":{},"stale":false,"compatible":true,"heartbeatFrequencyMS":10000,"localThresholdMS":15,"setName":null,"maxElectionId":null,"maxSetVersion":null,"commonWireVersion":0,"logicalSessionTimeoutMinutes":null}}}
2025-12-26 21:05:55 [warn] ⏳ Reintentando en 4000 ms...
2025-12-26 21:05:59 [info] 🔄 Intentando conectar a MongoDB (intento 4/5)...
2025-12-26 21:06:09 [error] ❌ Error al conectar con MongoDB (intento 4/5) {"error":{"message":"connect ECONNREFUSED ::1:27017, connect ECONNREFUSED 127.0.0.1:27017","reason":{"type":"Unknown","servers":{},"stale":false,"compatible":true,"heartbeatFrequencyMS":10000,"localThresholdMS":15,"setName":null,"maxElectionId":null,"maxSetVersion":null,"commonWireVersion":0,"logicalSessionTimeoutMinutes":null}}}
2025-12-26 21:06:09 [warn] ⏳ Reintentando en 8000 ms...
2025-12-26 21:06:17 [info] 🔄 Intentando conectar a MongoDB (intento 5/5)...
2025-12-26 21:20:24 [info] 🔄 Intentando conectar a MongoDB (intento 1/5)...
2025-12-26 21:20:34 [error] ❌ Error al conectar con MongoDB (intento 1/5) {"error":{"message":"connect ECONNREFUSED ::1:27017, connect ECONNREFUSED 127.0.0.1:27017","reason":{"type":"Unknown","servers":{},"stale":false,"compatible":true,"heartbeatFrequencyMS":10000,"localThresholdMS":15,"setName":null,"maxElectionId":null,"maxSetVersion":null,"commonWireVersion":0,"logicalSessionTimeoutMinutes":null}}}
2025-12-26 21:20:34 [warn] ⏳ Reintentando en 1000 ms...
2025-12-26 21:20:35 [info] 🔄 Intentando conectar a MongoDB (intento 2/5)...
2025-12-26 21:20:45 [error] ❌ Error al conectar con MongoDB (intento 2/5) {"error":{"message":"connect ECONNREFUSED ::1:27017, connect ECONNREFUSED 127.0.0.1:27017","reason":{"type":"Unknown","servers":{},"stale":false,"compatible":true,"heartbeatFrequencyMS":10000,"localThresholdMS":15,"setName":null,"maxElectionId":null,"maxSetVersion":null,"commonWireVersion":0,"logicalSessionTimeoutMinutes":null}}}
2025-12-26 21:20:45 [warn] ⏳ Reintentando en 2000 ms...
2025-12-26 21:20:47 [info] 🔄 Intentando conectar a MongoDB (intento 3/5)...
2025-12-26 21:20:57 [error] ❌ Error al conectar con MongoDB (intento 3/5) {"error":{"message":"connect ECONNREFUSED ::1:27017, connect ECONNREFUSED 127.0.0.1:27017","reason":{"type":"Unknown","servers":{},"stale":false,"compatible":true,"heartbeatFrequencyMS":10000,"localThresholdMS":15,"setName":null,"maxElectionId":null,"maxSetVersion":null,"commonWireVersion":0,"logicalSessionTimeoutMinutes":null}}}
2025-12-26 21:20:57 [warn] ⏳ Reintentando en 4000 ms...
2025-12-26 21:21:01 [info] 🔄 Intentando conectar a MongoDB (intento 4/5)...
2025-12-26 21:21:11 [error] ❌ Error al conectar con MongoDB (intento 4/5) {"error":{"message":"connect ECONNREFUSED ::1:27017, connect ECONNREFUSED 127.0.0.1:27017","reason":{"type":"Unknown","servers":{},"stale":false,"compatible":true,"heartbeatFrequencyMS":10000,"localThresholdMS":15,"setName":null,"maxElectionId":null,"maxSetVersion":null,"commonWireVersion":0,"logicalSessionTimeoutMinutes":null}}}
2025-12-26 21:21:11 [warn] ⏳ Reintentando en 8000 ms...
2025-12-26 21:21:19 [info] 🔄 Intentando conectar a MongoDB (intento 5/5)...
2025-12-26 21:21:29 [error] ❌ Error al conectar con MongoDB (intento 5/5) {"error":{"message":"connect ECONNREFUSED ::1:27017, connect ECONNREFUSED 127.0.0.1:27017","reason":{"type":"Unknown","servers":{},"stale":false,"compatible":true,"heartbeatFrequencyMS":10000,"localThresholdMS":15,"setName":null,"maxElectionId":null,"maxSetVersion":null,"commonWireVersion":0,"logicalSessionTimeoutMinutes":null}}}
2025-12-26 21:23:38 [info] 🔄 Intentando conectar a MongoDB (intento 1/5)...
2025-12-26 21:23:38 [info] ✅ Conectado a MongoDB
2025-12-26 21:23:38 [info] 🔥 Servidor corriendo en http://localhost:5002
2025-12-26 21:23:39 [info] [0mGET /api/health [32m200[0m 4.425 ms - 116[0m
2025-12-26 21:24:37 [info] [0mGET /api/patients [32m200[0m 44.359 ms - 11799[0m
2025-12-26 21:24:37 [info] [0mGET /api/patients [36m304[0m 12.052 ms - -[0m
2025-12-26 21:24:40 [info] [0mGET /api/patients/69154c37d5013d08692c64e6 [36m304[0m 36.403 ms - -[0m
2025-12-26 21:24:40 [info] [0mGET /api/patients/69154c37d5013d08692c64e6/odontograma-inicial [36m304[0m 161.988 ms - -[0m
2025-12-26 21:24:40 [info] [0mGET /api/patients/69154c37d5013d08692c64e6/odontograma-clinico [36m304[0m 49.263 ms - -[0m
2025-12-26 21:24:40 [info] [0mGET /api/patients/69154c37d5013d08692c64e6/odontograma-clinico [36m304[0m 62.738 ms - -[0m
2025-12-26 21:24:40 [info] [0mGET /api/patients/69154c37d5013d08692c64e6/odontograma-clinico/history [36m304[0m 133.373 ms - -[0m
2025-12-26 21:24:41 [info] [0mGET /uploads/pacientes/69154c37d5013d08692c64e6/odontograma-inicial/ac39ed3a-aa58-4c4f-9555-94b487980a04.png [36m304[0m 2.277 ms - -[0m
2025-12-26 21:24:41 [info] [0mGET /api/patients/69154c37d5013d08692c64e6/odontograma-clinico/history [36m304[0m 22.195 ms - -[0m
2025-12-26 21:24:41 [info] [0mGET /api/patients/69154c37d5013d08692c64e6/periodontogram/data?listVersions=true [36m304[0m 201.569 ms - -[0m
2025-12-26 21:24:41 [info] [0mGET /api/patients/69154c37d5013d08692c64e6/periodontogram/data?listVersions=true [36m304[0m 32.587 ms - -[0m
2025-12-26 21:24:53 [info] [0mGET /api/patients [36m304[0m 10.432 ms - -[0m
2025-12-26 21:24:53 [info] [0mGET /api/patients [36m304[0m 9.338 ms - -[0m
2025-12-26 21:24:54 [info] [0mGET /api/patients/690d25896cc6735a45b394d6 [36m304[0m 11.052 ms - -[0m
2025-12-26 21:24:54 [info] [0mGET /api/patients/690d25896cc6735a45b394d6/odontograma-inicial [36m304[0m 11.019 ms - -[0m
2025-12-26 21:24:54 [info] [0mGET /api/patients/690d25896cc6735a45b394d6/periodontogram/data?listVersions=true [36m304[0m 21.638 ms - -[0m
2025-12-26 21:24:54 [info] [0mGET /api/patients/690d25896cc6735a45b394d6/periodontogram/data?listVersions=true [36m304[0m 17.094 ms - -[0m
2025-12-26 21:24:55 [info] [0mGET /api/patients/690d25896cc6735a45b394d6/odontograma-clinico/history [36m304[0m 11.732 ms - -[0m
2025-12-26 21:24:55 [info] [0mGET /api/patients/690d25896cc6735a45b394d6/odontograma-clinico [36m304[0m 9.243 ms - -[0m
2025-12-26 21:24:55 [info] [0mGET /api/patients/690d25896cc6735a45b394d6/odontograma-clinico/history [36m304[0m 10.261 ms - -[0m
2025-12-26 21:30:14 [info] [0mGET /api/patients [36m304[0m 7.390 ms - -[0m
2025-12-26 21:30:14 [info] [0mGET /api/patients [36m304[0m 7.377 ms - -[0m
2025-12-26 21:30:15 [info] [0mGET /api/patients/69154c37d5013d08692c64e6 [36m304[0m 9.606 ms - -[0m
2025-12-26 21:30:15 [info] [0mGET /api/patients/69154c37d5013d08692c64e6/odontograma-inicial [36m304[0m 22.928 ms - -[0m
2025-12-26 21:30:15 [info] [0mGET /api/patients/69154c37d5013d08692c64e6/periodontogram/data?listVersions=true [36m304[0m 34.377 ms - -[0m
2025-12-26 21:30:15 [info] [0mGET /api/patients/69154c37d5013d08692c64e6/periodontogram/data?listVersions=true [36m304[0m 29.026 ms - -[0m
2025-12-26 21:30:16 [info] [0mGET /api/patients/69154c37d5013d08692c64e6/odontograma-clinico/history [36m304[0m 9.673 ms - -[0m
2025-12-26 21:30:16 [info] [0mGET /api/patients/69154c37d5013d08692c64e6/odontograma-clinico [36m304[0m 7.884 ms - -[0m
2025-12-26 21:30:16 [info] [0mGET /api/patients/69154c37d5013d08692c64e6/odontograma-clinico/history [36m304[0m 11.008 ms - -[0m
2025-12-26 21:30:16 [info] [0mGET /api/patients/69154c37d5013d08692c64e6/odontograma-clinico [36m304[0m 17.586 ms - -[0m
2025-12-26 21:34:18 [info] [0mGET /api/patients [31m500[0m 10009.523 ms - 123[0m
2025-12-26 21:34:28 [info] [0mGET /api/patients [0m-[0m - ms - -[0m
2025-12-26 21:34:38 [info] 🔄 Intentando conectar a MongoDB (intento 1/5)...
